[2019-04-28T20:42:37.665] [INFO] default - Setting up API middleware
[2019-04-28T20:42:37.701] [INFO] default - Server is running on port 3001
[2019-04-28T20:42:38.766] [INFO] default - Successfully connected to database: mongodb://localhost:27017/keep
[2019-04-28T20:57:50.194] [INFO] default - body in auth svc {"isAuthenticated":false,"message":"Invalid token"}
[2019-04-28T20:57:50.200] [INFO] default - error in notes auth svc null
[2019-04-28T20:59:14.672] [INFO] default - body in auth svc {"isAuthenticated":true,"message":"User Authenticated"}
[2019-04-28T20:59:14.677] [INFO] default - authenticated
[2019-04-28T20:59:14.681] [INFO] default - ReferenceError: noteid is not defined
    at getNoteForUserID (D:\FSD\Assignments\Keep_Notes_Final\keep_notes_mean\noteService\server\api\v1\notes\notes.controller.js:27:30)
    at Layer.handle [as handle_request] (D:\FSD\Assignments\Keep_Notes_Final\keep_notes_mean\noteService\node_modules\express\lib\router\layer.js:95:5)
    at next (D:\FSD\Assignments\Keep_Notes_Final\keep_notes_mean\noteService\node_modules\express\lib\router\route.js:137:13)
    at Route.dispatch (D:\FSD\Assignments\Keep_Notes_Final\keep_notes_mean\noteService\node_modules\express\lib\router\route.js:112:3)
    at Layer.handle [as handle_request] (D:\FSD\Assignments\Keep_Notes_Final\keep_notes_mean\noteService\node_modules\express\lib\router\layer.js:95:5)
    at D:\FSD\Assignments\Keep_Notes_Final\keep_notes_mean\noteService\node_modules\express\lib\router\index.js:281:22
    at Function.process_params (D:\FSD\Assignments\Keep_Notes_Final\keep_notes_mean\noteService\node_modules\express\lib\router\index.js:335:12)
    at next (D:\FSD\Assignments\Keep_Notes_Final\keep_notes_mean\noteService\node_modules\express\lib\router\index.js:275:10)
    at Request.request.post [as _callback] (D:\FSD\Assignments\Keep_Notes_Final\keep_notes_mean\noteService\server\services\auth.service.js:36:13)
    at Request.self.callback (D:\FSD\Assignments\Keep_Notes_Final\keep_notes_mean\noteService\node_modules\request\request.js:185:22)
    at Request.emit (events.js:189:13)
    at Request.<anonymous> (D:\FSD\Assignments\Keep_Notes_Final\keep_notes_mean\noteService\node_modules\request\request.js:1161:10)
    at Request.emit (events.js:189:13)
    at IncomingMessage.<anonymous> (D:\FSD\Assignments\Keep_Notes_Final\keep_notes_mean\noteService\node_modules\request\request.js:1083:12)
    at Object.onceWrapper (events.js:277:13)
    at IncomingMessage.emit (events.js:194:15)
[2019-04-28T21:02:33.205] [INFO] default - body in auth svc {"isAuthenticated":true,"message":"User Authenticated"}
[2019-04-28T21:02:33.214] [INFO] default - authenticated
[2019-04-28T21:02:33.215] [INFO] default - ReferenceError: noteid is not defined
    at getNoteForUserID (D:\FSD\Assignments\Keep_Notes_Final\keep_notes_mean\noteService\server\api\v1\notes\notes.controller.js:27:30)
    at Layer.handle [as handle_request] (D:\FSD\Assignments\Keep_Notes_Final\keep_notes_mean\noteService\node_modules\express\lib\router\layer.js:95:5)
    at next (D:\FSD\Assignments\Keep_Notes_Final\keep_notes_mean\noteService\node_modules\express\lib\router\route.js:137:13)
    at Route.dispatch (D:\FSD\Assignments\Keep_Notes_Final\keep_notes_mean\noteService\node_modules\express\lib\router\route.js:112:3)
    at Layer.handle [as handle_request] (D:\FSD\Assignments\Keep_Notes_Final\keep_notes_mean\noteService\node_modules\express\lib\router\layer.js:95:5)
    at D:\FSD\Assignments\Keep_Notes_Final\keep_notes_mean\noteService\node_modules\express\lib\router\index.js:281:22
    at Function.process_params (D:\FSD\Assignments\Keep_Notes_Final\keep_notes_mean\noteService\node_modules\express\lib\router\index.js:335:12)
    at next (D:\FSD\Assignments\Keep_Notes_Final\keep_notes_mean\noteService\node_modules\express\lib\router\index.js:275:10)
    at Request.request.post [as _callback] (D:\FSD\Assignments\Keep_Notes_Final\keep_notes_mean\noteService\server\services\auth.service.js:36:13)
    at Request.self.callback (D:\FSD\Assignments\Keep_Notes_Final\keep_notes_mean\noteService\node_modules\request\request.js:185:22)
    at Request.emit (events.js:189:13)
    at Request.<anonymous> (D:\FSD\Assignments\Keep_Notes_Final\keep_notes_mean\noteService\node_modules\request\request.js:1161:10)
    at Request.emit (events.js:189:13)
    at IncomingMessage.<anonymous> (D:\FSD\Assignments\Keep_Notes_Final\keep_notes_mean\noteService\node_modules\request\request.js:1083:12)
    at Object.onceWrapper (events.js:277:13)
    at IncomingMessage.emit (events.js:194:15)
[2019-04-28T21:09:34.698] [INFO] default - body in auth svc {"isAuthenticated":true,"message":"User Authenticated"}
[2019-04-28T21:09:34.711] [INFO] default - authenticated
[2019-04-28T21:09:34.733] [ERROR] default - { ValidationError: note validation failed: userId: Path `userId` is required.
    at ValidationError.inspect (D:\FSD\Assignments\Keep_Notes_Final\keep_notes_mean\noteService\node_modules\mongoose\lib\error\validation.js:59:24)
    at formatValue (internal/util/inspect.js:493:31)
    at inspect (internal/util/inspect.js:191:10)
    at formatWithOptions (util.js:84:12)
    at Object.format (util.js:72:10)
    at basicLayout (D:\FSD\Assignments\Keep_Notes_Final\keep_notes_mean\noteService\node_modules\log4js\lib\layouts.js:65:57)
    at app (D:\FSD\Assignments\Keep_Notes_Final\keep_notes_mean\noteService\node_modules\log4js\lib\appenders\file.js:55:18)
    at categoryAppenders.forEach (D:\FSD\Assignments\Keep_Notes_Final\keep_notes_mean\noteService\node_modules\log4js\lib\log4js.js:42:5)
    at Array.forEach (<anonymous>)
    at sendLogEventToAppender (D:\FSD\Assignments\Keep_Notes_Final\keep_notes_mean\noteService\node_modules\log4js\lib\log4js.js:41:21)
    at listeners.forEach.l (D:\FSD\Assignments\Keep_Notes_Final\keep_notes_mean\noteService\node_modules\log4js\lib\clustering.js:16:26)
    at Array.forEach (<anonymous>)
    at sendToListeners (D:\FSD\Assignments\Keep_Notes_Final\keep_notes_mean\noteService\node_modules\log4js\lib\clustering.js:16:13)
    at Object.send (D:\FSD\Assignments\Keep_Notes_Final\keep_notes_mean\noteService\node_modules\log4js\lib\clustering.js:78:7)
    at Logger._log (D:\FSD\Assignments\Keep_Notes_Final\keep_notes_mean\noteService\node_modules\log4js\lib\logger.js:56:16)
    at Logger.log (D:\FSD\Assignments\Keep_Notes_Final\keep_notes_mean\noteService\node_modules\log4js\lib\logger.js:45:12)
  errors:
   { userId:
      { ValidatorError: Path `userId` is required.
          at new ValidatorError (D:\FSD\Assignments\Keep_Notes_Final\keep_notes_mean\noteService\node_modules\mongoose\lib\error\validator.js:29:11)
          at validate (D:\FSD\Assignments\Keep_Notes_Final\keep_notes_mean\noteService\node_modules\mongoose\lib\schematype.js:930:13)
          at D:\FSD\Assignments\Keep_Notes_Final\keep_notes_mean\noteService\node_modules\mongoose\lib\schematype.js:983:11
          at Array.forEach (<anonymous>)
          at SchemaString.SchemaType.doValidate (D:\FSD\Assignments\Keep_Notes_Final\keep_notes_mean\noteService\node_modules\mongoose\lib\schematype.js:939:19)
          at D:\FSD\Assignments\Keep_Notes_Final\keep_notes_mean\noteService\node_modules\mongoose\lib\document.js:1936:9
          at process._tickCallback (internal/process/next_tick.js:61:11)
        message: 'Path `userId` is required.',
        name: 'ValidatorError',
        properties: [Object],
        kind: 'required',
        path: 'userId',
        value: undefined,
        reason: undefined,
        [Symbol(mongoose:validatorError)]: true } },
  _message: 'note validation failed',
  name: 'ValidationError' }
[2019-04-28T21:11:44.628] [INFO] default - body in auth svc {"isAuthenticated":true,"message":"User Authenticated"}
[2019-04-28T21:11:44.629] [INFO] default - authenticated
[2019-04-28T21:11:44.634] [ERROR] default - { ValidationError: note validation failed: userId: Path `userId` is required.
    at ValidationError.inspect (D:\FSD\Assignments\Keep_Notes_Final\keep_notes_mean\noteService\node_modules\mongoose\lib\error\validation.js:59:24)
    at formatValue (internal/util/inspect.js:493:31)
    at inspect (internal/util/inspect.js:191:10)
    at formatWithOptions (util.js:84:12)
    at Object.format (util.js:72:10)
    at basicLayout (D:\FSD\Assignments\Keep_Notes_Final\keep_notes_mean\noteService\node_modules\log4js\lib\layouts.js:65:57)
    at app (D:\FSD\Assignments\Keep_Notes_Final\keep_notes_mean\noteService\node_modules\log4js\lib\appenders\file.js:55:18)
    at categoryAppenders.forEach (D:\FSD\Assignments\Keep_Notes_Final\keep_notes_mean\noteService\node_modules\log4js\lib\log4js.js:42:5)
    at Array.forEach (<anonymous>)
    at sendLogEventToAppender (D:\FSD\Assignments\Keep_Notes_Final\keep_notes_mean\noteService\node_modules\log4js\lib\log4js.js:41:21)
    at listeners.forEach.l (D:\FSD\Assignments\Keep_Notes_Final\keep_notes_mean\noteService\node_modules\log4js\lib\clustering.js:16:26)
    at Array.forEach (<anonymous>)
    at sendToListeners (D:\FSD\Assignments\Keep_Notes_Final\keep_notes_mean\noteService\node_modules\log4js\lib\clustering.js:16:13)
    at Object.send (D:\FSD\Assignments\Keep_Notes_Final\keep_notes_mean\noteService\node_modules\log4js\lib\clustering.js:78:7)
    at Logger._log (D:\FSD\Assignments\Keep_Notes_Final\keep_notes_mean\noteService\node_modules\log4js\lib\logger.js:56:16)
    at Logger.log (D:\FSD\Assignments\Keep_Notes_Final\keep_notes_mean\noteService\node_modules\log4js\lib\logger.js:45:12)
  errors:
   { userId:
      { ValidatorError: Path `userId` is required.
          at new ValidatorError (D:\FSD\Assignments\Keep_Notes_Final\keep_notes_mean\noteService\node_modules\mongoose\lib\error\validator.js:29:11)
          at validate (D:\FSD\Assignments\Keep_Notes_Final\keep_notes_mean\noteService\node_modules\mongoose\lib\schematype.js:930:13)
          at D:\FSD\Assignments\Keep_Notes_Final\keep_notes_mean\noteService\node_modules\mongoose\lib\schematype.js:983:11
          at Array.forEach (<anonymous>)
          at SchemaString.SchemaType.doValidate (D:\FSD\Assignments\Keep_Notes_Final\keep_notes_mean\noteService\node_modules\mongoose\lib\schematype.js:939:19)
          at D:\FSD\Assignments\Keep_Notes_Final\keep_notes_mean\noteService\node_modules\mongoose\lib\document.js:1936:9
          at process._tickCallback (internal/process/next_tick.js:61:11)
        message: 'Path `userId` is required.',
        name: 'ValidatorError',
        properties: [Object],
        kind: 'required',
        path: 'userId',
        value: undefined,
        reason: undefined,
        [Symbol(mongoose:validatorError)]: true } },
  _message: 'note validation failed',
  name: 'ValidationError' }
[2019-04-28T21:14:56.926] [INFO] default - body in auth svc {"isAuthenticated":true,"message":"User Authenticated"}
[2019-04-28T21:14:56.932] [INFO] default - authenticated
[2019-04-28T21:14:56.938] [ERROR] default - { ValidationError: note validation failed: state: `started1` is not a valid enum value for path `state`., userId: Path `userId` is required.
    at ValidationError.inspect (D:\FSD\Assignments\Keep_Notes_Final\keep_notes_mean\noteService\node_modules\mongoose\lib\error\validation.js:59:24)
    at formatValue (internal/util/inspect.js:493:31)
    at inspect (internal/util/inspect.js:191:10)
    at formatWithOptions (util.js:84:12)
    at Object.format (util.js:72:10)
    at basicLayout (D:\FSD\Assignments\Keep_Notes_Final\keep_notes_mean\noteService\node_modules\log4js\lib\layouts.js:65:57)
    at app (D:\FSD\Assignments\Keep_Notes_Final\keep_notes_mean\noteService\node_modules\log4js\lib\appenders\file.js:55:18)
    at categoryAppenders.forEach (D:\FSD\Assignments\Keep_Notes_Final\keep_notes_mean\noteService\node_modules\log4js\lib\log4js.js:42:5)
    at Array.forEach (<anonymous>)
    at sendLogEventToAppender (D:\FSD\Assignments\Keep_Notes_Final\keep_notes_mean\noteService\node_modules\log4js\lib\log4js.js:41:21)
    at listeners.forEach.l (D:\FSD\Assignments\Keep_Notes_Final\keep_notes_mean\noteService\node_modules\log4js\lib\clustering.js:16:26)
    at Array.forEach (<anonymous>)
    at sendToListeners (D:\FSD\Assignments\Keep_Notes_Final\keep_notes_mean\noteService\node_modules\log4js\lib\clustering.js:16:13)
    at Object.send (D:\FSD\Assignments\Keep_Notes_Final\keep_notes_mean\noteService\node_modules\log4js\lib\clustering.js:78:7)
    at Logger._log (D:\FSD\Assignments\Keep_Notes_Final\keep_notes_mean\noteService\node_modules\log4js\lib\logger.js:56:16)
    at Logger.log (D:\FSD\Assignments\Keep_Notes_Final\keep_notes_mean\noteService\node_modules\log4js\lib\logger.js:45:12)
  errors:
   { state:
      { ValidatorError: `started1` is not a valid enum value for path `state`.
          at new ValidatorError (D:\FSD\Assignments\Keep_Notes_Final\keep_notes_mean\noteService\node_modules\mongoose\lib\error\validator.js:29:11)
          at validate (D:\FSD\Assignments\Keep_Notes_Final\keep_notes_mean\noteService\node_modules\mongoose\lib\schematype.js:930:13)
          at D:\FSD\Assignments\Keep_Notes_Final\keep_notes_mean\noteService\node_modules\mongoose\lib\schematype.js:983:11
          at Array.forEach (<anonymous>)
          at SchemaString.SchemaType.doValidate (D:\FSD\Assignments\Keep_Notes_Final\keep_notes_mean\noteService\node_modules\mongoose\lib\schematype.js:939:19)
          at D:\FSD\Assignments\Keep_Notes_Final\keep_notes_mean\noteService\node_modules\mongoose\lib\document.js:1936:9
          at process._tickCallback (internal/process/next_tick.js:61:11)
        message: '`started1` is not a valid enum value for path `state`.',
        name: 'ValidatorError',
        properties: [Object],
        kind: 'enum',
        path: 'state',
        value: 'started1',
        reason: undefined,
        [Symbol(mongoose:validatorError)]: true },
     userId:
      { ValidatorError: Path `userId` is required.
          at new ValidatorError (D:\FSD\Assignments\Keep_Notes_Final\keep_notes_mean\noteService\node_modules\mongoose\lib\error\validator.js:29:11)
          at validate (D:\FSD\Assignments\Keep_Notes_Final\keep_notes_mean\noteService\node_modules\mongoose\lib\schematype.js:930:13)
          at D:\FSD\Assignments\Keep_Notes_Final\keep_notes_mean\noteService\node_modules\mongoose\lib\schematype.js:983:11
          at Array.forEach (<anonymous>)
          at SchemaString.SchemaType.doValidate (D:\FSD\Assignments\Keep_Notes_Final\keep_notes_mean\noteService\node_modules\mongoose\lib\schematype.js:939:19)
          at D:\FSD\Assignments\Keep_Notes_Final\keep_notes_mean\noteService\node_modules\mongoose\lib\document.js:1936:9
          at process._tickCallback (internal/process/next_tick.js:61:11)
        message: 'Path `userId` is required.',
        name: 'ValidatorError',
        properties: [Object],
        kind: 'required',
        path: 'userId',
        value: undefined,
        reason: undefined,
        [Symbol(mongoose:validatorError)]: true } },
  _message: 'note validation failed',
  name: 'ValidationError' }
[2019-04-28T21:18:19.363] [INFO] default - body in auth svc {"isAuthenticated":true,"message":"User Authenticated"}
[2019-04-28T21:18:19.371] [INFO] default - authenticated
[2019-04-28T21:18:19.376] [ERROR] default - { ValidationError: note validation failed: userId: Path `userId` is required.
    at ValidationError.inspect (D:\FSD\Assignments\Keep_Notes_Final\keep_notes_mean\noteService\node_modules\mongoose\lib\error\validation.js:59:24)
    at formatValue (internal/util/inspect.js:493:31)
    at inspect (internal/util/inspect.js:191:10)
    at formatWithOptions (util.js:84:12)
    at Object.format (util.js:72:10)
    at basicLayout (D:\FSD\Assignments\Keep_Notes_Final\keep_notes_mean\noteService\node_modules\log4js\lib\layouts.js:65:57)
    at app (D:\FSD\Assignments\Keep_Notes_Final\keep_notes_mean\noteService\node_modules\log4js\lib\appenders\file.js:55:18)
    at categoryAppenders.forEach (D:\FSD\Assignments\Keep_Notes_Final\keep_notes_mean\noteService\node_modules\log4js\lib\log4js.js:42:5)
    at Array.forEach (<anonymous>)
    at sendLogEventToAppender (D:\FSD\Assignments\Keep_Notes_Final\keep_notes_mean\noteService\node_modules\log4js\lib\log4js.js:41:21)
    at listeners.forEach.l (D:\FSD\Assignments\Keep_Notes_Final\keep_notes_mean\noteService\node_modules\log4js\lib\clustering.js:16:26)
    at Array.forEach (<anonymous>)
    at sendToListeners (D:\FSD\Assignments\Keep_Notes_Final\keep_notes_mean\noteService\node_modules\log4js\lib\clustering.js:16:13)
    at Object.send (D:\FSD\Assignments\Keep_Notes_Final\keep_notes_mean\noteService\node_modules\log4js\lib\clustering.js:78:7)
    at Logger._log (D:\FSD\Assignments\Keep_Notes_Final\keep_notes_mean\noteService\node_modules\log4js\lib\logger.js:56:16)
    at Logger.log (D:\FSD\Assignments\Keep_Notes_Final\keep_notes_mean\noteService\node_modules\log4js\lib\logger.js:45:12)
  errors:
   { userId:
      { ValidatorError: Path `userId` is required.
          at new ValidatorError (D:\FSD\Assignments\Keep_Notes_Final\keep_notes_mean\noteService\node_modules\mongoose\lib\error\validator.js:29:11)
          at validate (D:\FSD\Assignments\Keep_Notes_Final\keep_notes_mean\noteService\node_modules\mongoose\lib\schematype.js:930:13)
          at D:\FSD\Assignments\Keep_Notes_Final\keep_notes_mean\noteService\node_modules\mongoose\lib\schematype.js:983:11
          at Array.forEach (<anonymous>)
          at SchemaString.SchemaType.doValidate (D:\FSD\Assignments\Keep_Notes_Final\keep_notes_mean\noteService\node_modules\mongoose\lib\schematype.js:939:19)
          at D:\FSD\Assignments\Keep_Notes_Final\keep_notes_mean\noteService\node_modules\mongoose\lib\document.js:1936:9
          at process._tickCallback (internal/process/next_tick.js:61:11)
        message: 'Path `userId` is required.',
        name: 'ValidatorError',
        properties: [Object],
        kind: 'required',
        path: 'userId',
        value: undefined,
        reason: undefined,
        [Symbol(mongoose:validatorError)]: true } },
  _message: 'note validation failed',
  name: 'ValidationError' }
[2019-04-28T21:20:48.476] [INFO] default - body in auth svc {"isAuthenticated":true,"message":"User Authenticated"}
[2019-04-28T21:20:48.483] [INFO] default - authenticated
[2019-04-28T21:20:48.488] [ERROR] default - { ValidationError: note validation failed: userId: Path `userId` is required.
    at ValidationError.inspect (D:\FSD\Assignments\Keep_Notes_Final\keep_notes_mean\noteService\node_modules\mongoose\lib\error\validation.js:59:24)
    at formatValue (internal/util/inspect.js:493:31)
    at inspect (internal/util/inspect.js:191:10)
    at formatWithOptions (util.js:84:12)
    at Object.format (util.js:72:10)
    at basicLayout (D:\FSD\Assignments\Keep_Notes_Final\keep_notes_mean\noteService\node_modules\log4js\lib\layouts.js:65:57)
    at app (D:\FSD\Assignments\Keep_Notes_Final\keep_notes_mean\noteService\node_modules\log4js\lib\appenders\file.js:55:18)
    at categoryAppenders.forEach (D:\FSD\Assignments\Keep_Notes_Final\keep_notes_mean\noteService\node_modules\log4js\lib\log4js.js:42:5)
    at Array.forEach (<anonymous>)
    at sendLogEventToAppender (D:\FSD\Assignments\Keep_Notes_Final\keep_notes_mean\noteService\node_modules\log4js\lib\log4js.js:41:21)
    at listeners.forEach.l (D:\FSD\Assignments\Keep_Notes_Final\keep_notes_mean\noteService\node_modules\log4js\lib\clustering.js:16:26)
    at Array.forEach (<anonymous>)
    at sendToListeners (D:\FSD\Assignments\Keep_Notes_Final\keep_notes_mean\noteService\node_modules\log4js\lib\clustering.js:16:13)
    at Object.send (D:\FSD\Assignments\Keep_Notes_Final\keep_notes_mean\noteService\node_modules\log4js\lib\clustering.js:78:7)
    at Logger._log (D:\FSD\Assignments\Keep_Notes_Final\keep_notes_mean\noteService\node_modules\log4js\lib\logger.js:56:16)
    at Logger.log (D:\FSD\Assignments\Keep_Notes_Final\keep_notes_mean\noteService\node_modules\log4js\lib\logger.js:45:12)
  errors:
   { userId:
      { ValidatorError: Path `userId` is required.
          at new ValidatorError (D:\FSD\Assignments\Keep_Notes_Final\keep_notes_mean\noteService\node_modules\mongoose\lib\error\validator.js:29:11)
          at validate (D:\FSD\Assignments\Keep_Notes_Final\keep_notes_mean\noteService\node_modules\mongoose\lib\schematype.js:930:13)
          at D:\FSD\Assignments\Keep_Notes_Final\keep_notes_mean\noteService\node_modules\mongoose\lib\schematype.js:983:11
          at Array.forEach (<anonymous>)
          at SchemaString.SchemaType.doValidate (D:\FSD\Assignments\Keep_Notes_Final\keep_notes_mean\noteService\node_modules\mongoose\lib\schematype.js:939:19)
          at D:\FSD\Assignments\Keep_Notes_Final\keep_notes_mean\noteService\node_modules\mongoose\lib\document.js:1936:9
          at process._tickCallback (internal/process/next_tick.js:61:11)
        message: 'Path `userId` is required.',
        name: 'ValidatorError',
        properties: [Object],
        kind: 'required',
        path: 'userId',
        value: undefined,
        reason: undefined,
        [Symbol(mongoose:validatorError)]: true } },
  _message: 'note validation failed',
  name: 'ValidationError' }
[2019-05-04T18:21:32.971] [INFO] default - Setting up API middleware
[2019-05-04T18:21:33.018] [INFO] default - Server is running on port 3001
[2019-05-04T18:21:35.081] [ERROR] default - Failed to connect to database.
[2019-05-04T18:21:35.081] [ERROR] default - { MongoNetworkError: failed to connect to server [localhost:27017] on first connect [MongoNetworkError: connect ECONNREFUSED 127.0.0.1:27017]
    at Pool.<anonymous> (D:\FSD\Assignments\Keep_Notes_Final\keep_notes_mean\noteService\node_modules\mongodb-core\lib\topologies\server.js:564:11)
    at Pool.emit (events.js:189:13)
    at Connection.<anonymous> (D:\FSD\Assignments\Keep_Notes_Final\keep_notes_mean\noteService\node_modules\mongodb-core\lib\connection\pool.js:317:12)
    at Object.onceWrapper (events.js:277:13)
    at Connection.emit (events.js:189:13)
    at Socket.<anonymous> (D:\FSD\Assignments\Keep_Notes_Final\keep_notes_mean\noteService\node_modules\mongodb-core\lib\connection\connection.js:246:50)
    at Object.onceWrapper (events.js:277:13)
    at Socket.emit (events.js:189:13)
    at emitErrorNT (internal/streams/destroy.js:82:8)
    at emitErrorAndCloseNT (internal/streams/destroy.js:50:3)
    at process._tickCallback (internal/process/next_tick.js:63:19)
  name: 'MongoNetworkError',
  errorLabels: [ 'TransientTransactionError' ],
  [Symbol(mongoErrorContextSymbol)]: {} }
[2019-05-04T18:46:48.151] [INFO] default - body in auth svc {"isAuthenticated":false,"message":"Invalid token"}
[2019-05-04T18:46:48.153] [INFO] default - error in notes auth svc null
[2019-05-04T18:47:25.890] [INFO] default - body in auth svc {"isAuthenticated":false,"message":"Invalid token"}
[2019-05-04T18:47:25.904] [INFO] default - error in notes auth svc null
[2019-05-04T19:02:43.753] [INFO] default - Setting up API middleware
[2019-05-04T19:02:43.792] [INFO] default - Server is running on port 3001
[2019-05-04T19:02:44.852] [INFO] default - Successfully connected to database: mongodb://localhost:27017/keep
[2019-05-04T19:04:24.533] [INFO] default - body in auth svc {"isAuthenticated":true,"message":"User Authenticated"}
[2019-05-04T19:04:24.534] [INFO] default - authenticated
[2019-05-04T19:04:24.552] [ERROR] default - { ValidationError: note validation failed: userId: Path `userId` is required.
    at ValidationError.inspect (D:\FSD\Assignments\Keep_Notes_Final\keep_notes_mean\noteService\node_modules\mongoose\lib\error\validation.js:59:24)
    at formatValue (internal/util/inspect.js:493:31)
    at inspect (internal/util/inspect.js:191:10)
    at formatWithOptions (util.js:84:12)
    at Object.format (util.js:72:10)
    at basicLayout (D:\FSD\Assignments\Keep_Notes_Final\keep_notes_mean\noteService\node_modules\log4js\lib\layouts.js:65:57)
    at app (D:\FSD\Assignments\Keep_Notes_Final\keep_notes_mean\noteService\node_modules\log4js\lib\appenders\file.js:55:18)
    at categoryAppenders.forEach (D:\FSD\Assignments\Keep_Notes_Final\keep_notes_mean\noteService\node_modules\log4js\lib\log4js.js:42:5)
    at Array.forEach (<anonymous>)
    at sendLogEventToAppender (D:\FSD\Assignments\Keep_Notes_Final\keep_notes_mean\noteService\node_modules\log4js\lib\log4js.js:41:21)
    at listeners.forEach.l (D:\FSD\Assignments\Keep_Notes_Final\keep_notes_mean\noteService\node_modules\log4js\lib\clustering.js:16:26)
    at Array.forEach (<anonymous>)
    at sendToListeners (D:\FSD\Assignments\Keep_Notes_Final\keep_notes_mean\noteService\node_modules\log4js\lib\clustering.js:16:13)
    at Object.send (D:\FSD\Assignments\Keep_Notes_Final\keep_notes_mean\noteService\node_modules\log4js\lib\clustering.js:78:7)
    at Logger._log (D:\FSD\Assignments\Keep_Notes_Final\keep_notes_mean\noteService\node_modules\log4js\lib\logger.js:56:16)
    at Logger.log (D:\FSD\Assignments\Keep_Notes_Final\keep_notes_mean\noteService\node_modules\log4js\lib\logger.js:45:12)
  errors:
   { userId:
      { ValidatorError: Path `userId` is required.
          at new ValidatorError (D:\FSD\Assignments\Keep_Notes_Final\keep_notes_mean\noteService\node_modules\mongoose\lib\error\validator.js:29:11)
          at validate (D:\FSD\Assignments\Keep_Notes_Final\keep_notes_mean\noteService\node_modules\mongoose\lib\schematype.js:930:13)
          at D:\FSD\Assignments\Keep_Notes_Final\keep_notes_mean\noteService\node_modules\mongoose\lib\schematype.js:983:11
          at Array.forEach (<anonymous>)
          at SchemaString.SchemaType.doValidate (D:\FSD\Assignments\Keep_Notes_Final\keep_notes_mean\noteService\node_modules\mongoose\lib\schematype.js:939:19)
          at D:\FSD\Assignments\Keep_Notes_Final\keep_notes_mean\noteService\node_modules\mongoose\lib\document.js:1936:9
          at process._tickCallback (internal/process/next_tick.js:61:11)
        message: 'Path `userId` is required.',
        name: 'ValidatorError',
        properties: [Object],
        kind: 'required',
        path: 'userId',
        value: undefined,
        reason: undefined,
        [Symbol(mongoose:validatorError)]: true } },
  _message: 'note validation failed',
  name: 'ValidationError' }
[2019-05-04T19:05:56.506] [INFO] default - body in auth svc {"isAuthenticated":true,"message":"User Authenticated"}
[2019-05-04T19:05:56.510] [INFO] default - authenticated
[2019-05-04T19:13:48.699] [INFO] default - Setting up API middleware
[2019-05-04T19:13:48.743] [INFO] default - Server is running on port 3001
[2019-05-04T19:13:49.793] [INFO] default - Successfully connected to database: mongodb://localhost:27017/keep
[2019-05-04T19:15:39.807] [INFO] default - body in auth svc {"isAuthenticated":false,"message":"Invalid token"}
[2019-05-04T19:15:39.809] [INFO] default - error in notes auth svc null
[2019-05-04T19:16:36.439] [INFO] default - body in auth svc {"isAuthenticated":true,"message":"User Authenticated"}
[2019-05-04T19:16:36.443] [INFO] default - authenticated
[2019-05-04T19:17:35.938] [INFO] default - body in auth svc {"isAuthenticated":true,"message":"User Authenticated"}
[2019-05-04T19:17:35.943] [INFO] default - authenticated
[2019-05-04T19:22:59.248] [INFO] default - Setting up API middleware
[2019-05-04T19:22:59.289] [INFO] default - Server is running on port 3001
[2019-05-04T19:23:00.337] [INFO] default - Successfully connected to database: mongodb://localhost:27017/keep
[2019-05-04T19:42:36.736] [INFO] default - body in auth svc {"isAuthenticated":true,"message":"User Authenticated"}
[2019-05-04T19:42:36.741] [INFO] default - authenticated
[2019-05-04T19:42:36.743] [INFO] default - search using userid
[2019-05-04T19:42:46.502] [INFO] default - body in auth svc {"isAuthenticated":true,"message":"User Authenticated"}
[2019-05-04T19:42:46.509] [INFO] default - authenticated
[2019-05-04T19:42:46.534] [ERROR] default - { ValidationError: note validation failed: title: Path `title` is required., text: Path `text` is required., userId: Path `userId` is required.
    at ValidationError.inspect (D:\FSD\Assignments\Keep_Notes_Final\keep_notes_mean\noteService\node_modules\mongoose\lib\error\validation.js:59:24)
    at formatValue (internal/util/inspect.js:493:31)
    at inspect (internal/util/inspect.js:191:10)
    at formatWithOptions (util.js:84:12)
    at Object.format (util.js:72:10)
    at basicLayout (D:\FSD\Assignments\Keep_Notes_Final\keep_notes_mean\noteService\node_modules\log4js\lib\layouts.js:65:57)
    at app (D:\FSD\Assignments\Keep_Notes_Final\keep_notes_mean\noteService\node_modules\log4js\lib\appenders\file.js:55:18)
    at categoryAppenders.forEach (D:\FSD\Assignments\Keep_Notes_Final\keep_notes_mean\noteService\node_modules\log4js\lib\log4js.js:42:5)
    at Array.forEach (<anonymous>)
    at sendLogEventToAppender (D:\FSD\Assignments\Keep_Notes_Final\keep_notes_mean\noteService\node_modules\log4js\lib\log4js.js:41:21)
    at listeners.forEach.l (D:\FSD\Assignments\Keep_Notes_Final\keep_notes_mean\noteService\node_modules\log4js\lib\clustering.js:16:26)
    at Array.forEach (<anonymous>)
    at sendToListeners (D:\FSD\Assignments\Keep_Notes_Final\keep_notes_mean\noteService\node_modules\log4js\lib\clustering.js:16:13)
    at Object.send (D:\FSD\Assignments\Keep_Notes_Final\keep_notes_mean\noteService\node_modules\log4js\lib\clustering.js:78:7)
    at Logger._log (D:\FSD\Assignments\Keep_Notes_Final\keep_notes_mean\noteService\node_modules\log4js\lib\logger.js:56:16)
    at Logger.log (D:\FSD\Assignments\Keep_Notes_Final\keep_notes_mean\noteService\node_modules\log4js\lib\logger.js:45:12)
  errors:
   { title:
      { ValidatorError: Path `title` is required.
          at new ValidatorError (D:\FSD\Assignments\Keep_Notes_Final\keep_notes_mean\noteService\node_modules\mongoose\lib\error\validator.js:29:11)
          at validate (D:\FSD\Assignments\Keep_Notes_Final\keep_notes_mean\noteService\node_modules\mongoose\lib\schematype.js:930:13)
          at D:\FSD\Assignments\Keep_Notes_Final\keep_notes_mean\noteService\node_modules\mongoose\lib\schematype.js:983:11
          at Array.forEach (<anonymous>)
          at SchemaString.SchemaType.doValidate (D:\FSD\Assignments\Keep_Notes_Final\keep_notes_mean\noteService\node_modules\mongoose\lib\schematype.js:939:19)
          at D:\FSD\Assignments\Keep_Notes_Final\keep_notes_mean\noteService\node_modules\mongoose\lib\document.js:1936:9
          at process._tickCallback (internal/process/next_tick.js:61:11)
        message: 'Path `title` is required.',
        name: 'ValidatorError',
        properties: [Object],
        kind: 'required',
        path: 'title',
        value: undefined,
        reason: undefined,
        [Symbol(mongoose:validatorError)]: true },
     text:
      { ValidatorError: Path `text` is required.
          at new ValidatorError (D:\FSD\Assignments\Keep_Notes_Final\keep_notes_mean\noteService\node_modules\mongoose\lib\error\validator.js:29:11)
          at validate (D:\FSD\Assignments\Keep_Notes_Final\keep_notes_mean\noteService\node_modules\mongoose\lib\schematype.js:930:13)
          at D:\FSD\Assignments\Keep_Notes_Final\keep_notes_mean\noteService\node_modules\mongoose\lib\schematype.js:983:11
          at Array.forEach (<anonymous>)
          at SchemaString.SchemaType.doValidate (D:\FSD\Assignments\Keep_Notes_Final\keep_notes_mean\noteService\node_modules\mongoose\lib\schematype.js:939:19)
          at D:\FSD\Assignments\Keep_Notes_Final\keep_notes_mean\noteService\node_modules\mongoose\lib\document.js:1936:9
          at process._tickCallback (internal/process/next_tick.js:61:11)
        message: 'Path `text` is required.',
        name: 'ValidatorError',
        properties: [Object],
        kind: 'required',
        path: 'text',
        value: undefined,
        reason: undefined,
        [Symbol(mongoose:validatorError)]: true },
     userId:
      { ValidatorError: Path `userId` is required.
          at new ValidatorError (D:\FSD\Assignments\Keep_Notes_Final\keep_notes_mean\noteService\node_modules\mongoose\lib\error\validator.js:29:11)
          at validate (D:\FSD\Assignments\Keep_Notes_Final\keep_notes_mean\noteService\node_modules\mongoose\lib\schematype.js:930:13)
          at D:\FSD\Assignments\Keep_Notes_Final\keep_notes_mean\noteService\node_modules\mongoose\lib\schematype.js:983:11
          at Array.forEach (<anonymous>)
          at SchemaString.SchemaType.doValidate (D:\FSD\Assignments\Keep_Notes_Final\keep_notes_mean\noteService\node_modules\mongoose\lib\schematype.js:939:19)
          at D:\FSD\Assignments\Keep_Notes_Final\keep_notes_mean\noteService\node_modules\mongoose\lib\document.js:1936:9
          at process._tickCallback (internal/process/next_tick.js:61:11)
        message: 'Path `userId` is required.',
        name: 'ValidatorError',
        properties: [Object],
        kind: 'required',
        path: 'userId',
        value: undefined,
        reason: undefined,
        [Symbol(mongoose:validatorError)]: true } },
  _message: 'note validation failed',
  name: 'ValidationError' }
[2019-05-04T19:43:46.644] [INFO] default - body in auth svc {"isAuthenticated":true,"message":"User Authenticated"}
[2019-05-04T19:43:46.648] [INFO] default - authenticated
[2019-05-04T19:45:25.104] [INFO] default - body in auth svc {"isAuthenticated":true,"message":"User Authenticated"}
[2019-05-04T19:45:25.106] [INFO] default - authenticated
[2019-05-04T19:46:11.374] [INFO] default - body in auth svc {"isAuthenticated":true,"message":"User Authenticated"}
[2019-05-04T19:46:11.378] [INFO] default - authenticated
[2019-05-04T19:50:13.197] [INFO] default - body in auth svc {"isAuthenticated":true,"message":"User Authenticated"}
[2019-05-04T19:50:13.204] [INFO] default - authenticated
[2019-05-04T19:54:35.429] [INFO] default - body in auth svc {"isAuthenticated":true,"message":"User Authenticated"}
[2019-05-04T19:54:35.437] [INFO] default - authenticated
[2019-05-04T19:55:03.984] [INFO] default - body in auth svc {"isAuthenticated":true,"message":"User Authenticated"}
[2019-05-04T19:55:03.991] [INFO] default - authenticated
[2019-05-04T19:55:03.996] [INFO] default - note id to delete 
[2019-05-04T19:55:04.011] [DEBUG] default - notes deleted
[2019-05-04T19:56:14.879] [INFO] default - body in auth svc {"isAuthenticated":true,"message":"User Authenticated"}
[2019-05-04T19:56:14.882] [INFO] default - authenticated
[2019-05-04T19:56:14.887] [INFO] default - note id to delete 
[2019-05-04T19:56:14.895] [DEBUG] default - notes deleted
[2019-05-04T19:58:31.652] [INFO] default - body in auth svc {"isAuthenticated":true,"message":"User Authenticated"}
[2019-05-04T19:58:31.660] [INFO] default - authenticated
[2019-05-04T19:58:31.664] [INFO] default - note id to delete 0919a200-6e73-11e9-bfa4-6f1903d52018
[2019-05-04T19:58:31.672] [DEBUG] default - notes deleted
[2019-05-04T20:00:40.387] [INFO] default - body in auth svc {"isAuthenticated":true,"message":"User Authenticated"}
[2019-05-04T20:00:40.393] [INFO] default - authenticated
[2019-05-04T20:01:37.837] [INFO] default - body in auth svc {"isAuthenticated":false,"message":"Invalid token"}
[2019-05-04T20:01:37.844] [INFO] default - error in notes auth svc null
[2019-05-04T20:02:03.282] [INFO] default - body in auth svc {"isAuthenticated":true,"message":"User Authenticated"}
[2019-05-04T20:02:03.287] [INFO] default - authenticated
[2019-05-04T20:02:03.290] [INFO] default - search using userid
[2019-05-04T20:02:56.404] [INFO] default - body in auth svc {"isAuthenticated":true,"message":"User Authenticated"}
[2019-05-04T20:02:56.408] [INFO] default - authenticated
[2019-05-04T20:04:02.372] [INFO] default - body in auth svc {"isAuthenticated":true,"message":"User Authenticated"}
[2019-05-04T20:04:02.377] [INFO] default - authenticated
[2019-05-04T20:07:22.948] [INFO] default - body in auth svc {"isAuthenticated":true,"message":"User Authenticated"}
[2019-05-04T20:07:22.957] [INFO] default - authenticated
[2019-05-04T20:12:42.176] [INFO] default - body in auth svc {"isAuthenticated":true,"message":"User Authenticated"}
[2019-05-04T20:12:42.181] [INFO] default - authenticated
[2019-05-04T20:12:42.187] [INFO] default - inside share
[2019-05-04T20:12:42.191] [INFO] default - noteID[] :  8216eef0-6e79-11e9-ab77-d71ef1de5655
[2019-05-04T20:12:42.196] [INFO] default - userIds[] :  301168d0-69c2-11e9-8de5-793a91fe9fee
[2019-05-04T20:12:42.199] [INFO] default - ReferenceError: noteId is not defined
    at shareNote (D:\FSD\Assignments\Keep_Notes_Final\keep_notes_mean\noteService\server\api\v1\notes\notes.controller.js:101:27)
    at Layer.handle [as handle_request] (D:\FSD\Assignments\Keep_Notes_Final\keep_notes_mean\noteService\node_modules\express\lib\router\layer.js:95:5)
    at next (D:\FSD\Assignments\Keep_Notes_Final\keep_notes_mean\noteService\node_modules\express\lib\router\route.js:137:13)
    at Route.dispatch (D:\FSD\Assignments\Keep_Notes_Final\keep_notes_mean\noteService\node_modules\express\lib\router\route.js:112:3)
    at Layer.handle [as handle_request] (D:\FSD\Assignments\Keep_Notes_Final\keep_notes_mean\noteService\node_modules\express\lib\router\layer.js:95:5)
    at D:\FSD\Assignments\Keep_Notes_Final\keep_notes_mean\noteService\node_modules\express\lib\router\index.js:281:22
    at Function.process_params (D:\FSD\Assignments\Keep_Notes_Final\keep_notes_mean\noteService\node_modules\express\lib\router\index.js:335:12)
    at next (D:\FSD\Assignments\Keep_Notes_Final\keep_notes_mean\noteService\node_modules\express\lib\router\index.js:275:10)
    at Request.request.post [as _callback] (D:\FSD\Assignments\Keep_Notes_Final\keep_notes_mean\noteService\server\services\auth.service.js:36:13)
    at Request.self.callback (D:\FSD\Assignments\Keep_Notes_Final\keep_notes_mean\noteService\node_modules\request\request.js:185:22)
    at Request.emit (events.js:189:13)
    at Request.<anonymous> (D:\FSD\Assignments\Keep_Notes_Final\keep_notes_mean\noteService\node_modules\request\request.js:1161:10)
    at Request.emit (events.js:189:13)
    at IncomingMessage.<anonymous> (D:\FSD\Assignments\Keep_Notes_Final\keep_notes_mean\noteService\node_modules\request\request.js:1083:12)
    at Object.onceWrapper (events.js:277:13)
    at IncomingMessage.emit (events.js:194:15)
[2019-05-05T16:42:59.455] [INFO] default - Setting up API middleware
[2019-05-05T16:42:59.508] [INFO] default - Server is running on port 3001
[2019-05-05T16:43:00.553] [INFO] default - Successfully connected to database: mongodb://localhost:27017/keep
[2019-05-05T16:43:08.352] [INFO] default - body in auth svc undefined
[2019-05-05T16:43:08.355] [INFO] default - error in notes auth svc { Error: connect ECONNREFUSED 127.0.0.1:3000
    at TCPConnectWrap.afterConnect [as oncomplete] (net.js:1104:14)
  errno: 'ECONNREFUSED',
  code: 'ECONNREFUSED',
  syscall: 'connect',
  address: '127.0.0.1',
  port: 3000 }
[2019-05-05T16:45:35.553] [INFO] default - body in auth svc {"isAuthenticated":true,"message":"User Authenticated"}
[2019-05-05T16:45:35.558] [INFO] default - authenticated
[2019-05-05T16:45:35.606] [INFO] default - TypeError: Assignment to constant variable.
    at addNoteToGroup (D:\FSD\Assignments\Keep_Notes_Final\keep_notes_mean\noteService\server\api\v1\notes\notes.controller.js:203:21)
    at Layer.handle [as handle_request] (D:\FSD\Assignments\Keep_Notes_Final\keep_notes_mean\noteService\node_modules\express\lib\router\layer.js:95:5)
    at next (D:\FSD\Assignments\Keep_Notes_Final\keep_notes_mean\noteService\node_modules\express\lib\router\route.js:137:13)
    at Route.dispatch (D:\FSD\Assignments\Keep_Notes_Final\keep_notes_mean\noteService\node_modules\express\lib\router\route.js:112:3)
    at Layer.handle [as handle_request] (D:\FSD\Assignments\Keep_Notes_Final\keep_notes_mean\noteService\node_modules\express\lib\router\layer.js:95:5)
    at D:\FSD\Assignments\Keep_Notes_Final\keep_notes_mean\noteService\node_modules\express\lib\router\index.js:281:22
    at Function.process_params (D:\FSD\Assignments\Keep_Notes_Final\keep_notes_mean\noteService\node_modules\express\lib\router\index.js:335:12)
    at next (D:\FSD\Assignments\Keep_Notes_Final\keep_notes_mean\noteService\node_modules\express\lib\router\index.js:275:10)
    at Request.request.post [as _callback] (D:\FSD\Assignments\Keep_Notes_Final\keep_notes_mean\noteService\server\services\auth.service.js:36:13)
    at Request.self.callback (D:\FSD\Assignments\Keep_Notes_Final\keep_notes_mean\noteService\node_modules\request\request.js:185:22)
    at Request.emit (events.js:189:13)
    at Request.<anonymous> (D:\FSD\Assignments\Keep_Notes_Final\keep_notes_mean\noteService\node_modules\request\request.js:1161:10)
    at Request.emit (events.js:189:13)
    at IncomingMessage.<anonymous> (D:\FSD\Assignments\Keep_Notes_Final\keep_notes_mean\noteService\node_modules\request\request.js:1083:12)
    at Object.onceWrapper (events.js:277:13)
    at IncomingMessage.emit (events.js:194:15)
[2019-05-12T14:55:15.842] [INFO] default - Setting up API middleware
[2019-05-12T14:55:16.072] [INFO] default - Server is running on port 3001
[2019-05-12T14:55:17.341] [INFO] default - Successfully connected to database: mongodb://localhost:27017/keep
[2019-05-12T14:56:58.623] [INFO] default - body in auth svc {"isAuthenticated":true,"message":"User Authenticated"}
[2019-05-12T14:56:58.628] [INFO] default - authenticated
[2019-05-12T15:05:42.021] [INFO] default - Setting up API middleware
[2019-05-12T15:05:42.220] [INFO] default - Server is running on port 3001
[2019-05-12T15:05:43.417] [INFO] default - Successfully connected to database: mongodb://localhost:27017/keep
[2019-05-12T15:11:29.107] [INFO] default - body in auth svc {"isAuthenticated":true,"message":"User Authenticated"}
[2019-05-12T15:11:29.114] [INFO] default - authenticated
[2019-05-12T15:11:29.125] [INFO] default - adding notes to group: Dumbledore's Army
[2019-05-12T15:11:29.212] [INFO] default - data : { n: 2, nModified: 2, ok: 1 }
[2019-05-26T20:23:14.393] [INFO] default - Server is running on port 3001
[2019-05-26T20:23:15.463] [INFO] default - Successfully connected to database: mongodb://localhost:27017/keep
[2019-05-26T20:29:54.738] [INFO] default - body in auth svc {"isAuthenticated":true,"message":"User Authenticated"}
[2019-05-26T20:29:54.744] [INFO] default - authenticated
[2019-05-26T20:29:54.746] [INFO] default - search using userid
[2019-05-26T20:29:54.748] [INFO] default - getting note for userID :  harry
[2019-05-26T20:30:04.621] [INFO] default - body in auth svc {"isAuthenticated":true,"message":"User Authenticated"}
[2019-05-26T20:30:04.626] [INFO] default - authenticated
[2019-05-26T20:30:17.680] [INFO] default - body in auth svc {"isAuthenticated":true,"message":"User Authenticated"}
[2019-05-26T20:30:17.683] [INFO] default - authenticated
[2019-05-26T20:30:17.684] [INFO] default - search using title and userid
[2019-05-26T20:30:17.686] [INFO] default - searching notes by title - arry by user - harry 
[2019-05-26T20:30:17.691] [INFO] default - { title: { '$regex': 'arry', '$options': 'i' },
  userId: 'harry' }
[2019-05-26T20:30:25.455] [INFO] default - body in auth svc {"isAuthenticated":true,"message":"User Authenticated"}
[2019-05-26T20:30:25.459] [INFO] default - authenticated
[2019-05-26T20:30:44.603] [INFO] default - body in auth svc {"isAuthenticated":true,"message":"User Authenticated"}
[2019-05-26T20:30:44.606] [INFO] default - authenticated
[2019-05-26T20:30:44.609] [INFO] default - search using title and userid
[2019-05-26T20:30:44.610] [INFO] default - searching notes by title - harry by user - harry 
[2019-05-26T20:30:44.611] [INFO] default - { title: { '$regex': 'harry', '$options': 'i' },
  userId: 'harry' }
[2019-05-26T20:31:12.243] [INFO] default - body in auth svc {"isAuthenticated":true,"message":"User Authenticated"}
[2019-05-26T20:31:12.250] [INFO] default - authenticated
[2019-05-26T20:31:12.253] [INFO] default - search using userid
[2019-05-26T20:31:12.254] [INFO] default - getting note for userID :  harry
[2019-05-26T20:31:19.709] [INFO] default - body in auth svc {"isAuthenticated":true,"message":"User Authenticated"}
[2019-05-26T20:31:19.713] [INFO] default - authenticated
[2019-05-26T20:31:19.714] [INFO] default - search using title and userid
[2019-05-26T20:31:19.716] [INFO] default - searching notes by title - her by user - harry 
[2019-05-26T20:31:19.717] [INFO] default - { title: { '$regex': 'her', '$options': 'i' }, userId: 'harry' }
[2019-05-26T20:31:26.343] [INFO] default - body in auth svc {"isAuthenticated":true,"message":"User Authenticated"}
[2019-05-26T20:31:26.348] [INFO] default - authenticated
[2019-05-26T20:31:26.349] [INFO] default - search using userid
[2019-05-26T20:31:26.352] [INFO] default - getting note for userID :  harry
[2019-05-26T20:31:43.258] [INFO] default - body in auth svc {"isAuthenticated":true,"message":"User Authenticated"}
[2019-05-26T20:31:43.264] [INFO] default - authenticated
[2019-05-26T20:31:43.320] [INFO] default - data : { n: 1, nModified: 1, ok: 1 }
[2019-05-26T20:31:50.207] [INFO] default - body in auth svc {"isAuthenticated":true,"message":"User Authenticated"}
[2019-05-26T20:31:50.212] [INFO] default - authenticated
[2019-05-26T20:32:28.519] [INFO] default - body in auth svc {"isAuthenticated":true,"message":"User Authenticated"}
[2019-05-26T20:32:28.523] [INFO] default - authenticated
[2019-05-26T20:32:28.525] [INFO] default - adding notes to group: JK Rowling
[2019-05-26T20:33:34.021] [INFO] default - body in auth svc {"isAuthenticated":true,"message":"User Authenticated"}
[2019-05-26T20:33:34.029] [INFO] default - authenticated
[2019-05-26T20:33:34.031] [INFO] default - search using userid
[2019-05-26T20:33:34.034] [INFO] default - getting note for userID :  harry
[2019-05-26T20:34:20.726] [INFO] default - body in auth svc {"isAuthenticated":true,"message":"User Authenticated"}
[2019-05-26T20:34:20.733] [INFO] default - authenticated
[2019-05-26T20:34:20.738] [INFO] default - search using userid
[2019-05-26T20:34:20.744] [INFO] default - getting note for userID :  harry
[2019-05-26T20:34:41.462] [INFO] default - body in auth svc {"isAuthenticated":true,"message":"User Authenticated"}
[2019-05-26T20:34:41.469] [INFO] default - authenticated
[2019-05-26T20:34:41.476] [INFO] default - search using userid
[2019-05-26T20:34:41.479] [INFO] default - getting note for userID :  harry
[2019-05-26T20:38:16.835] [INFO] default - body in auth svc {"isAuthenticated":true,"message":"User Authenticated"}
[2019-05-26T20:38:16.842] [INFO] default - authenticated
[2019-05-26T20:38:16.845] [INFO] default - search using userid
[2019-05-26T20:38:16.845] [INFO] default - getting note for userID :  harry
[2019-05-26T20:39:46.706] [INFO] default - body in auth svc {"isAuthenticated":true,"message":"User Authenticated"}
[2019-05-26T20:39:46.713] [INFO] default - authenticated
[2019-05-26T20:39:46.721] [INFO] default - search using userid
[2019-05-26T20:39:46.730] [INFO] default - getting note for userID :  harry
[2019-05-26T20:39:55.840] [INFO] default - body in auth svc {"isAuthenticated":true,"message":"User Authenticated"}
[2019-05-26T20:39:55.847] [INFO] default - authenticated
[2019-05-26T20:39:55.855] [INFO] default - search using userid
[2019-05-26T20:39:55.862] [INFO] default - getting note for userID :  harry
[2019-05-26T20:45:08.854] [INFO] default - body in auth svc {"isAuthenticated":true,"message":"User Authenticated"}
[2019-05-26T20:45:08.858] [INFO] default - authenticated
[2019-05-26T20:45:08.862] [INFO] default - search using userid
[2019-05-26T20:45:08.864] [INFO] default - getting note for userID :  harry
[2019-05-26T20:45:20.038] [INFO] default - body in auth svc {"isAuthenticated":true,"message":"User Authenticated"}
[2019-05-26T20:45:20.072] [INFO] default - authenticated
[2019-05-26T20:45:20.074] [INFO] default - search using userid
[2019-05-26T20:45:20.076] [INFO] default - getting note for userID :  harry
[2019-05-26T20:45:29.022] [INFO] default - body in auth svc {"isAuthenticated":true,"message":"User Authenticated"}
[2019-05-26T20:45:29.031] [INFO] default - authenticated
[2019-05-26T20:45:29.036] [INFO] default - data : { n: 1, nModified: 1, ok: 1 }
[2019-05-26T20:45:30.573] [INFO] default - body in auth svc {"isAuthenticated":true,"message":"User Authenticated"}
[2019-05-26T20:45:30.580] [INFO] default - authenticated
[2019-05-26T20:45:30.587] [INFO] default - data : { n: 1, nModified: 1, ok: 1 }
[2019-05-26T20:45:33.598] [INFO] default - body in auth svc {"isAuthenticated":true,"message":"User Authenticated"}
[2019-05-26T20:45:33.604] [INFO] default - authenticated
[2019-05-26T20:48:33.544] [INFO] default - body in auth svc {"isAuthenticated":true,"message":"User Authenticated"}
[2019-05-26T20:48:33.551] [INFO] default - authenticated
[2019-05-26T20:48:33.553] [INFO] default - search using userid
[2019-05-26T20:48:33.555] [INFO] default - getting note for userID :  harry
[2019-05-26T20:50:29.200] [INFO] default - body in auth svc {"isAuthenticated":true,"message":"User Authenticated"}
[2019-05-26T20:50:29.208] [INFO] default - authenticated
[2019-05-26T20:50:29.213] [INFO] default - search using userid
[2019-05-26T20:50:29.216] [INFO] default - getting note for userID :  harry
[2019-05-26T20:55:26.117] [INFO] default - body in auth svc {"isAuthenticated":true,"message":"User Authenticated"}
[2019-05-26T20:55:26.130] [INFO] default - authenticated
[2019-05-26T20:55:26.133] [INFO] default - search using userid
[2019-05-26T20:55:26.138] [INFO] default - getting note for userID :  harry
[2019-05-26T20:56:38.634] [INFO] default - body in auth svc {"isAuthenticated":true,"message":"User Authenticated"}
[2019-05-26T20:56:38.637] [INFO] default - authenticated
[2019-05-26T20:56:38.640] [INFO] default - search using userid
[2019-05-26T20:56:38.643] [INFO] default - getting note for userID :  harry
[2019-05-26T20:57:38.787] [INFO] default - body in auth svc {"isAuthenticated":true,"message":"User Authenticated"}
[2019-05-26T20:57:38.797] [INFO] default - authenticated
[2019-05-26T20:57:38.800] [INFO] default - search using userid
[2019-05-26T20:57:38.806] [INFO] default - getting note for userID :  harry
[2019-05-26T20:59:07.509] [INFO] default - body in auth svc {"isAuthenticated":true,"message":"User Authenticated"}
[2019-05-26T20:59:07.512] [INFO] default - authenticated
[2019-05-26T21:08:08.830] [INFO] default - body in auth svc {"isAuthenticated":true,"message":"User Authenticated"}
[2019-05-26T21:08:08.834] [INFO] default - authenticated
[2019-05-26T21:08:08.835] [INFO] default - inside share
[2019-05-26T21:08:08.838] [INFO] default - noteID[] :  [ 'fe15e250-7fc6-11e9-9362-7dfe8d4e9ffa' ]
[2019-05-26T21:08:08.841] [INFO] default - userIds[] :  [ { userID: 'hermione', access: 'View' } ]
[2019-05-26T21:08:08.896] [INFO] default - data : { n: 1, nModified: 1, ok: 1 }
[2019-05-26T21:08:34.323] [INFO] default - body in auth svc {"isAuthenticated":true,"message":"User Authenticated"}
[2019-05-26T21:08:34.329] [INFO] default - authenticated
[2019-05-26T21:08:34.332] [INFO] default - search using userid
[2019-05-26T21:08:34.333] [INFO] default - getting note for userID :  hermione
[2019-05-26T21:08:50.790] [INFO] default - body in auth svc {"isAuthenticated":true,"message":"User Authenticated"}
[2019-05-26T21:08:50.793] [INFO] default - authenticated
[2019-05-26T21:09:32.923] [INFO] default - body in auth svc {"isAuthenticated":true,"message":"User Authenticated"}
[2019-05-26T21:09:32.928] [INFO] default - authenticated
[2019-05-26T21:09:32.931] [INFO] default - adding notes to group: jK rowling
[2019-05-26T21:09:37.526] [INFO] default - body in auth svc {"isAuthenticated":true,"message":"User Authenticated"}
[2019-05-26T21:09:37.529] [INFO] default - authenticated
[2019-05-26T21:09:37.530] [INFO] default - adding notes to group: jK rowling
[2019-05-26T21:09:45.385] [INFO] default - body in auth svc {"isAuthenticated":true,"message":"User Authenticated"}
[2019-05-26T21:09:45.389] [INFO] default - authenticated
[2019-05-26T21:09:45.393] [INFO] default - adding notes to group: JK Rowling
[2019-05-26T21:09:53.324] [INFO] default - body in auth svc {"isAuthenticated":true,"message":"User Authenticated"}
[2019-05-26T21:09:53.328] [INFO] default - authenticated
[2019-05-26T21:09:53.331] [INFO] default - adding notes to group: JK Rowling
[2019-05-26T21:10:11.956] [INFO] default - body in auth svc {"isAuthenticated":true,"message":"User Authenticated"}
[2019-05-26T21:10:11.964] [INFO] default - authenticated
[2019-05-26T21:10:11.967] [INFO] default - search using userid
[2019-05-26T21:10:11.975] [INFO] default - getting note for userID :  hermione
[2019-05-26T21:11:29.617] [INFO] default - body in auth svc {"isAuthenticated":true,"message":"User Authenticated"}
[2019-05-26T21:11:29.620] [INFO] default - authenticated
[2019-05-26T21:11:29.624] [INFO] default - search using userid
[2019-05-26T21:11:29.628] [INFO] default - getting note for userID :  harry
[2019-05-26T21:11:42.856] [INFO] default - body in auth svc {"isAuthenticated":true,"message":"User Authenticated"}
[2019-05-26T21:11:42.861] [INFO] default - authenticated
[2019-05-26T21:11:42.863] [INFO] default - inside share
[2019-05-26T21:11:42.864] [INFO] default - noteID[] :  [ 'fe15e250-7fc6-11e9-9362-7dfe8d4e9ffa' ]
[2019-05-26T21:11:42.865] [INFO] default - userIds[] :  [ { userID: 'hermione', access: 'Edit' } ]
[2019-05-26T21:11:42.870] [INFO] default - data : { n: 1, nModified: 1, ok: 1 }
[2019-05-26T21:12:13.561] [INFO] default - body in auth svc {"isAuthenticated":true,"message":"User Authenticated"}
[2019-05-26T21:12:13.567] [INFO] default - authenticated
[2019-05-26T21:12:13.572] [INFO] default - search using userid
[2019-05-26T21:12:13.575] [INFO] default - getting note for userID :  harry
[2019-05-26T21:12:38.998] [INFO] default - body in auth svc {"isAuthenticated":true,"message":"User Authenticated"}
[2019-05-26T21:12:39.005] [INFO] default - authenticated
[2019-05-26T21:12:39.009] [INFO] default - search using userid
[2019-05-26T21:12:39.011] [INFO] default - getting note for userID :  harry
[2019-05-26T21:17:00.132] [INFO] default - body in auth svc {"isAuthenticated":true,"message":"User Authenticated"}
[2019-05-26T21:17:00.138] [INFO] default - authenticated
[2019-05-26T21:17:00.140] [INFO] default - search using userid
[2019-05-26T21:17:00.141] [INFO] default - getting note for userID :  harry
[2019-05-26T21:20:03.798] [INFO] default - body in auth svc {"isAuthenticated":true,"message":"User Authenticated"}
[2019-05-26T21:20:03.801] [INFO] default - authenticated
[2019-05-26T21:20:03.803] [INFO] default - search using userid
[2019-05-26T21:20:03.804] [INFO] default - getting note for userID :  harry
[2019-05-26T21:23:35.689] [INFO] default - body in auth svc {"isAuthenticated":true,"message":"User Authenticated"}
[2019-05-26T21:23:35.692] [INFO] default - authenticated
[2019-05-26T21:23:35.693] [INFO] default - search using userid
[2019-05-26T21:23:35.696] [INFO] default - getting note for userID :  harry
[2019-05-26T21:23:56.833] [INFO] default - body in auth svc {"isAuthenticated":true,"message":"User Authenticated"}
[2019-05-26T21:23:56.834] [INFO] default - authenticated
[2019-05-26T21:23:56.835] [INFO] default - inside share
[2019-05-26T21:23:56.835] [INFO] default - noteID[] :  [ 'fe15e250-7fc6-11e9-9362-7dfe8d4e9ffa' ]
[2019-05-26T21:23:56.836] [INFO] default - userIds[] :  [ { userID: 'hermione', access: 'View' } ]
[2019-05-26T21:23:56.839] [INFO] default - data : { n: 1, nModified: 1, ok: 1 }
[2019-05-26T21:24:08.109] [INFO] default - body in auth svc {"isAuthenticated":true,"message":"User Authenticated"}
[2019-05-26T21:24:08.112] [INFO] default - authenticated
[2019-05-26T21:24:08.113] [INFO] default - search using userid
[2019-05-26T21:24:08.114] [INFO] default - getting note for userID :  harry
[2019-05-26T21:31:35.578] [INFO] default - body in auth svc {"isAuthenticated":true,"message":"User Authenticated"}
[2019-05-26T21:31:35.581] [INFO] default - authenticated
[2019-05-26T21:31:35.582] [INFO] default - search using userid
[2019-05-26T21:31:35.583] [INFO] default - getting note for userID :  harry
[2019-05-26T21:31:36.386] [INFO] default - body in auth svc {"isAuthenticated":true,"message":"User Authenticated"}
[2019-05-26T21:31:36.390] [INFO] default - authenticated
[2019-05-26T21:31:36.391] [INFO] default - search using userid
[2019-05-26T21:31:36.393] [INFO] default - getting note for userID :  harry
[2019-05-26T21:36:21.678] [INFO] default - body in auth svc {"isAuthenticated":true,"message":"User Authenticated"}
[2019-05-26T21:36:21.680] [INFO] default - authenticated
[2019-05-26T21:36:21.683] [INFO] default - search using userid
[2019-05-26T21:36:21.685] [INFO] default - getting note for userID :  harry
[2019-05-26T21:36:22.176] [INFO] default - body in auth svc {"isAuthenticated":true,"message":"User Authenticated"}
[2019-05-26T21:36:22.179] [INFO] default - authenticated
[2019-05-26T21:36:22.180] [INFO] default - search using userid
[2019-05-26T21:36:22.181] [INFO] default - getting note for userID :  harry
[2019-05-26T21:36:41.753] [INFO] default - body in auth svc {"isAuthenticated":true,"message":"User Authenticated"}
[2019-05-26T21:36:41.754] [INFO] default - authenticated
[2019-05-26T21:36:41.756] [INFO] default - search using userid
[2019-05-26T21:36:41.757] [INFO] default - getting note for userID :  harry
[2019-05-26T21:36:42.969] [INFO] default - body in auth svc {"isAuthenticated":true,"message":"User Authenticated"}
[2019-05-26T21:36:42.971] [INFO] default - authenticated
[2019-05-26T21:36:42.973] [INFO] default - search using userid
[2019-05-26T21:36:42.974] [INFO] default - getting note for userID :  harry
[2019-05-26T21:37:20.704] [INFO] default - body in auth svc {"isAuthenticated":true,"message":"User Authenticated"}
[2019-05-26T21:37:20.706] [INFO] default - authenticated
[2019-05-26T21:37:20.707] [INFO] default - search using userid
[2019-05-26T21:37:20.711] [INFO] default - getting note for userID :  harry
[2019-05-26T21:37:20.936] [INFO] default - body in auth svc {"isAuthenticated":true,"message":"User Authenticated"}
[2019-05-26T21:37:20.939] [INFO] default - authenticated
[2019-05-26T21:37:20.940] [INFO] default - search using userid
[2019-05-26T21:37:20.943] [INFO] default - getting note for userID :  harry
[2019-05-26T21:38:32.677] [INFO] default - body in auth svc {"isAuthenticated":true,"message":"User Authenticated"}
[2019-05-26T21:38:32.679] [INFO] default - authenticated
[2019-05-26T21:38:32.680] [INFO] default - search using userid
[2019-05-26T21:38:32.682] [INFO] default - getting note for userID :  harry
[2019-05-26T21:38:32.929] [INFO] default - body in auth svc {"isAuthenticated":true,"message":"User Authenticated"}
[2019-05-26T21:38:32.932] [INFO] default - authenticated
[2019-05-26T21:38:32.936] [INFO] default - search using userid
[2019-05-26T21:38:32.938] [INFO] default - getting note for userID :  harry
[2019-05-26T21:39:50.377] [INFO] default - body in auth svc {"isAuthenticated":true,"message":"User Authenticated"}
[2019-05-26T21:39:50.379] [INFO] default - authenticated
[2019-05-26T21:39:50.381] [INFO] default - search using userid
[2019-05-26T21:39:50.383] [INFO] default - getting note for userID :  harry
[2019-05-26T21:39:50.775] [INFO] default - body in auth svc {"isAuthenticated":true,"message":"User Authenticated"}
[2019-05-26T21:39:50.777] [INFO] default - authenticated
[2019-05-26T21:39:50.779] [INFO] default - search using userid
[2019-05-26T21:39:50.780] [INFO] default - getting note for userID :  harry
[2019-05-26T21:40:18.355] [INFO] default - body in auth svc {"isAuthenticated":true,"message":"User Authenticated"}
[2019-05-26T21:40:18.357] [INFO] default - authenticated
[2019-05-26T21:40:18.358] [INFO] default - search using userid
[2019-05-26T21:40:18.359] [INFO] default - getting note for userID :  harry
[2019-05-26T21:40:18.719] [INFO] default - body in auth svc {"isAuthenticated":true,"message":"User Authenticated"}
[2019-05-26T21:40:18.722] [INFO] default - authenticated
[2019-05-26T21:40:18.723] [INFO] default - search using userid
[2019-05-26T21:40:18.724] [INFO] default - getting note for userID :  harry
[2019-05-26T21:41:38.071] [INFO] default - body in auth svc {"isAuthenticated":true,"message":"User Authenticated"}
[2019-05-26T21:41:38.075] [INFO] default - authenticated
[2019-05-26T21:41:38.076] [INFO] default - search using userid
[2019-05-26T21:41:38.078] [INFO] default - getting note for userID :  harry
[2019-05-26T21:41:38.118] [INFO] default - body in auth svc {"isAuthenticated":true,"message":"User Authenticated"}
[2019-05-26T21:41:38.120] [INFO] default - authenticated
[2019-05-26T21:41:38.123] [INFO] default - search using userid
[2019-05-26T21:41:38.124] [INFO] default - getting note for userID :  harry
[2019-05-26T21:42:09.297] [INFO] default - body in auth svc {"isAuthenticated":true,"message":"User Authenticated"}
[2019-05-26T21:42:09.298] [INFO] default - authenticated
[2019-05-26T21:42:09.299] [INFO] default - search using userid
[2019-05-26T21:42:09.300] [INFO] default - getting note for userID :  harry
[2019-05-26T21:42:09.492] [INFO] default - body in auth svc {"isAuthenticated":true,"message":"User Authenticated"}
[2019-05-26T21:42:09.495] [INFO] default - authenticated
[2019-05-26T21:42:09.497] [INFO] default - search using userid
[2019-05-26T21:42:09.499] [INFO] default - getting note for userID :  harry
[2019-05-26T21:42:23.583] [INFO] default - body in auth svc {"isAuthenticated":true,"message":"User Authenticated"}
[2019-05-26T21:42:23.585] [INFO] default - authenticated
[2019-05-26T21:42:23.587] [INFO] default - search using userid
[2019-05-26T21:42:23.589] [INFO] default - getting note for userID :  harry
[2019-05-26T21:42:24.046] [INFO] default - body in auth svc {"isAuthenticated":true,"message":"User Authenticated"}
[2019-05-26T21:42:24.050] [INFO] default - authenticated
[2019-05-26T21:42:24.051] [INFO] default - search using userid
[2019-05-26T21:42:24.053] [INFO] default - getting note for userID :  harry
[2019-05-26T21:43:42.087] [INFO] default - body in auth svc {"isAuthenticated":true,"message":"User Authenticated"}
[2019-05-26T21:43:42.090] [INFO] default - authenticated
[2019-05-26T21:43:42.092] [INFO] default - search using userid
[2019-05-26T21:43:42.093] [INFO] default - getting note for userID :  harry
[2019-05-26T21:43:42.382] [INFO] default - body in auth svc {"isAuthenticated":true,"message":"User Authenticated"}
[2019-05-26T21:43:42.384] [INFO] default - authenticated
[2019-05-26T21:43:42.386] [INFO] default - search using userid
[2019-05-26T21:43:42.387] [INFO] default - getting note for userID :  harry
[2019-05-26T21:43:58.496] [INFO] default - body in auth svc {"isAuthenticated":true,"message":"User Authenticated"}
[2019-05-26T21:43:58.500] [INFO] default - authenticated
[2019-05-26T21:43:58.501] [INFO] default - search using userid
[2019-05-26T21:43:58.503] [INFO] default - getting note for userID :  harry
[2019-05-26T21:43:59.043] [INFO] default - body in auth svc {"isAuthenticated":true,"message":"User Authenticated"}
[2019-05-26T21:43:59.046] [INFO] default - authenticated
[2019-05-26T21:43:59.047] [INFO] default - search using userid
[2019-05-26T21:43:59.049] [INFO] default - getting note for userID :  harry
[2019-05-26T21:44:27.390] [INFO] default - body in auth svc {"isAuthenticated":true,"message":"User Authenticated"}
[2019-05-26T21:44:27.392] [INFO] default - authenticated
[2019-05-26T21:44:27.393] [INFO] default - search using userid
[2019-05-26T21:44:27.395] [INFO] default - getting note for userID :  harry
[2019-05-26T21:44:28.298] [INFO] default - body in auth svc {"isAuthenticated":true,"message":"User Authenticated"}
[2019-05-26T21:44:28.300] [INFO] default - authenticated
[2019-05-26T21:44:28.301] [INFO] default - search using userid
[2019-05-26T21:44:28.304] [INFO] default - getting note for userID :  harry
[2019-05-26T21:46:46.109] [INFO] default - body in auth svc {"isAuthenticated":true,"message":"User Authenticated"}
[2019-05-26T21:46:46.111] [INFO] default - authenticated
[2019-05-26T21:46:46.113] [INFO] default - search using userid
[2019-05-26T21:46:46.114] [INFO] default - getting note for userID :  harry
[2019-05-26T21:46:46.605] [INFO] default - body in auth svc {"isAuthenticated":true,"message":"User Authenticated"}
[2019-05-26T21:46:46.607] [INFO] default - authenticated
[2019-05-26T21:46:46.609] [INFO] default - search using userid
[2019-05-26T21:46:46.611] [INFO] default - getting note for userID :  harry
[2019-05-26T21:47:12.214] [INFO] default - body in auth svc {"isAuthenticated":true,"message":"User Authenticated"}
[2019-05-26T21:47:12.216] [INFO] default - authenticated
[2019-05-26T21:47:12.219] [INFO] default - search using userid
[2019-05-26T21:47:12.220] [INFO] default - getting note for userID :  harry
[2019-05-26T21:47:12.657] [INFO] default - body in auth svc {"isAuthenticated":true,"message":"User Authenticated"}
[2019-05-26T21:47:12.662] [INFO] default - authenticated
[2019-05-26T21:47:12.664] [INFO] default - search using userid
[2019-05-26T21:47:12.665] [INFO] default - getting note for userID :  harry
[2019-05-26T21:47:24.879] [INFO] default - body in auth svc {"isAuthenticated":true,"message":"User Authenticated"}
[2019-05-26T21:47:24.881] [INFO] default - authenticated
[2019-05-26T21:47:24.883] [INFO] default - search using userid
[2019-05-26T21:47:24.884] [INFO] default - getting note for userID :  harry
[2019-05-26T21:47:25.881] [INFO] default - body in auth svc {"isAuthenticated":true,"message":"User Authenticated"}
[2019-05-26T21:47:25.885] [INFO] default - authenticated
[2019-05-26T21:47:25.887] [INFO] default - search using userid
[2019-05-26T21:47:25.888] [INFO] default - getting note for userID :  harry
[2019-05-29T22:32:14.270] [INFO] default - Server is running on port 3001
[2019-05-29T22:32:15.573] [INFO] default - Successfully connected to database: mongodb://localhost:27017/keep
[2019-05-29T22:39:34.663] [INFO] default - body in auth svc {"isAuthenticated":true,"message":"User Authenticated"}
[2019-05-29T22:39:34.669] [INFO] default - authenticated
[2019-05-29T22:39:34.679] [INFO] default - search using userid
[2019-05-29T22:39:34.698] [INFO] default - getting note for userID :  hermione
[2019-05-29T22:53:07.260] [INFO] default - body in auth svc {"isAuthenticated":true,"message":"User Authenticated"}
[2019-05-29T22:53:07.278] [INFO] default - authenticated
[2019-05-29T22:53:07.291] [INFO] default - search using userid
[2019-05-29T22:53:07.298] [INFO] default - getting note for userID :  hermione
[2019-05-29T22:54:49.678] [INFO] default - body in auth svc {"isAuthenticated":true,"message":"User Authenticated"}
[2019-05-29T22:54:49.694] [INFO] default - authenticated
[2019-05-29T22:54:49.705] [INFO] default - search using userid
[2019-05-29T22:54:49.710] [INFO] default - getting note for userID :  hermione
[2019-05-29T23:00:25.888] [INFO] default - body in auth svc {"isAuthenticated":true,"message":"User Authenticated"}
[2019-05-29T23:00:25.902] [INFO] default - authenticated
[2019-05-29T23:00:25.913] [INFO] default - search using userid
[2019-05-29T23:00:25.928] [INFO] default - getting note for userID :  hermione
[2019-05-29T23:01:45.844] [INFO] default - body in auth svc {"isAuthenticated":true,"message":"User Authenticated"}
[2019-05-29T23:01:45.872] [INFO] default - authenticated
[2019-05-29T23:01:45.894] [INFO] default - search using userid
[2019-05-29T23:01:45.906] [INFO] default - getting note for userID :  hermione
[2019-05-29T23:02:07.179] [INFO] default - body in auth svc {"isAuthenticated":true,"message":"User Authenticated"}
[2019-05-29T23:02:07.195] [INFO] default - authenticated
[2019-05-29T23:02:07.204] [INFO] default - adding notes to group: JK Rowling
[2019-05-29T23:02:12.875] [INFO] default - body in auth svc {"isAuthenticated":true,"message":"User Authenticated"}
[2019-05-29T23:02:12.892] [INFO] default - authenticated
[2019-05-29T23:02:12.898] [INFO] default - adding notes to group: jK rowling
[2019-05-29T23:07:05.227] [INFO] default - body in auth svc {"isAuthenticated":true,"message":"User Authenticated"}
[2019-05-29T23:07:05.243] [INFO] default - authenticated
[2019-05-29T23:07:05.254] [INFO] default - search using userid
[2019-05-29T23:07:05.265] [INFO] default - getting note for userID :  hermione
[2019-05-29T23:22:28.865] [INFO] default - body in auth svc {"isAuthenticated":true,"message":"User Authenticated"}
[2019-05-29T23:22:28.879] [INFO] default - authenticated
[2019-05-29T23:22:28.899] [INFO] default - search using userid
[2019-05-29T23:22:28.912] [INFO] default - getting note for userID :  hermione
[2019-05-29T23:23:13.431] [INFO] default - body in auth svc {"isAuthenticated":true,"message":"User Authenticated"}
[2019-05-29T23:23:13.450] [INFO] default - authenticated
[2019-05-29T23:23:13.456] [INFO] default - search using userid
[2019-05-29T23:23:13.462] [INFO] default - getting note for userID :  hermione
[2019-05-29T23:23:30.655] [INFO] default - body in auth svc {"isAuthenticated":true,"message":"User Authenticated"}
[2019-05-29T23:23:30.694] [INFO] default - authenticated
[2019-05-29T23:23:30.712] [INFO] default - search using userid
[2019-05-29T23:23:30.720] [INFO] default - getting note for userID :  hermione
[2019-05-29T23:23:57.364] [INFO] default - body in auth svc {"isAuthenticated":true,"message":"User Authenticated"}
[2019-05-29T23:23:57.385] [INFO] default - authenticated
[2019-05-29T23:23:57.395] [INFO] default - search using userid
[2019-05-29T23:23:57.411] [INFO] default - getting note for userID :  hermione
[2019-05-29T23:24:26.413] [INFO] default - body in auth svc {"isAuthenticated":true,"message":"User Authenticated"}
[2019-05-29T23:24:26.435] [INFO] default - authenticated
[2019-05-29T23:24:26.443] [INFO] default - search using userid
[2019-05-29T23:24:26.449] [INFO] default - getting note for userID :  hermione
[2019-05-29T23:24:55.298] [INFO] default - body in auth svc {"isAuthenticated":true,"message":"User Authenticated"}
[2019-05-29T23:24:55.338] [INFO] default - authenticated
[2019-05-29T23:24:55.347] [INFO] default - search using userid
[2019-05-29T23:24:55.363] [INFO] default - getting note for userID :  hermione
[2019-05-29T23:25:23.877] [INFO] default - body in auth svc {"isAuthenticated":true,"message":"User Authenticated"}
[2019-05-29T23:25:23.905] [INFO] default - authenticated
[2019-05-29T23:25:23.909] [INFO] default - search using userid
[2019-05-29T23:25:23.927] [INFO] default - getting note for userID :  hermione
[2019-05-29T23:25:51.587] [INFO] default - body in auth svc {"isAuthenticated":true,"message":"User Authenticated"}
[2019-05-29T23:25:51.602] [INFO] default - authenticated
[2019-05-29T23:25:51.609] [INFO] default - search using userid
[2019-05-29T23:25:51.615] [INFO] default - getting note for userID :  hermione
[2019-05-29T23:26:20.132] [INFO] default - body in auth svc {"isAuthenticated":true,"message":"User Authenticated"}
[2019-05-29T23:26:20.165] [INFO] default - authenticated
[2019-05-29T23:26:20.182] [INFO] default - search using userid
[2019-05-29T23:26:20.191] [INFO] default - getting note for userID :  hermione
[2019-05-29T23:26:33.018] [INFO] default - body in auth svc {"isAuthenticated":true,"message":"User Authenticated"}
[2019-05-29T23:26:33.032] [INFO] default - authenticated
[2019-05-29T23:26:33.038] [INFO] default - search using userid
[2019-05-29T23:26:33.048] [INFO] default - getting note for userID :  hermione
[2019-05-29T23:29:00.843] [INFO] default - body in auth svc {"isAuthenticated":true,"message":"User Authenticated"}
[2019-05-29T23:29:00.866] [INFO] default - authenticated
[2019-05-29T23:29:00.873] [INFO] default - search using userid
[2019-05-29T23:29:00.879] [INFO] default - getting note for userID :  hermione
[2019-05-29T23:30:03.891] [INFO] default - body in auth svc {"isAuthenticated":true,"message":"User Authenticated"}
[2019-05-29T23:30:03.910] [INFO] default - authenticated
[2019-05-29T23:30:03.927] [INFO] default - search using userid
[2019-05-29T23:30:03.930] [INFO] default - getting note for userID :  hermione
[2019-05-29T23:32:27.804] [INFO] default - body in auth svc {"isAuthenticated":true,"message":"User Authenticated"}
[2019-05-29T23:32:27.815] [INFO] default - authenticated
[2019-05-29T23:32:27.850] [INFO] default - search using userid
[2019-05-29T23:32:27.857] [INFO] default - getting note for userID :  hermione
[2019-05-29T23:33:02.308] [INFO] default - body in auth svc {"isAuthenticated":true,"message":"User Authenticated"}
[2019-05-29T23:33:02.327] [INFO] default - authenticated
[2019-05-29T23:33:02.341] [INFO] default - search using userid
[2019-05-29T23:33:02.353] [INFO] default - getting note for userID :  hermione
[2019-05-29T23:35:54.073] [INFO] default - body in auth svc {"isAuthenticated":true,"message":"User Authenticated"}
[2019-05-29T23:35:54.090] [INFO] default - authenticated
[2019-05-29T23:35:54.096] [INFO] default - search using userid
[2019-05-29T23:35:54.101] [INFO] default - getting note for userID :  hermione
[2019-05-29T23:36:55.038] [INFO] default - body in auth svc {"isAuthenticated":true,"message":"User Authenticated"}
[2019-05-29T23:36:55.053] [INFO] default - authenticated
[2019-05-29T23:36:55.065] [INFO] default - search using userid
[2019-05-29T23:36:55.079] [INFO] default - getting note for userID :  hermione
[2019-05-29T23:37:53.133] [INFO] default - body in auth svc {"isAuthenticated":true,"message":"User Authenticated"}
[2019-05-29T23:37:53.149] [INFO] default - authenticated
[2019-05-29T23:37:53.171] [INFO] default - search using userid
[2019-05-29T23:37:53.178] [INFO] default - getting note for userID :  hermione
[2019-05-29T23:41:04.597] [INFO] default - body in auth svc {"isAuthenticated":true,"message":"User Authenticated"}
[2019-05-29T23:41:04.628] [INFO] default - authenticated
[2019-05-29T23:41:04.637] [INFO] default - search using userid
[2019-05-29T23:41:04.647] [INFO] default - getting note for userID :  hermione
[2019-05-29T23:42:24.712] [INFO] default - body in auth svc {"isAuthenticated":true,"message":"User Authenticated"}
[2019-05-29T23:42:24.729] [INFO] default - authenticated
[2019-05-29T23:42:24.734] [INFO] default - search using userid
[2019-05-29T23:42:24.742] [INFO] default - getting note for userID :  hermione
[2019-05-29T23:45:43.698] [INFO] default - body in auth svc {"isAuthenticated":true,"message":"User Authenticated"}
[2019-05-29T23:45:43.718] [INFO] default - authenticated
[2019-05-29T23:45:43.724] [INFO] default - search using userid
[2019-05-29T23:45:43.731] [INFO] default - getting note for userID :  hermione
[2019-05-29T23:46:53.422] [INFO] default - body in auth svc {"isAuthenticated":true,"message":"User Authenticated"}
[2019-05-29T23:46:53.435] [INFO] default - authenticated
[2019-05-29T23:48:45.462] [INFO] default - body in auth svc {"isAuthenticated":true,"message":"User Authenticated"}
[2019-05-29T23:48:45.470] [INFO] default - authenticated
[2019-05-29T23:48:45.488] [INFO] default - search using userid
[2019-05-29T23:48:45.494] [INFO] default - getting note for userID :  hermione
[2019-05-29T23:55:40.568] [INFO] default - body in auth svc {"isAuthenticated":true,"message":"User Authenticated"}
[2019-05-29T23:55:40.592] [INFO] default - authenticated
[2019-05-29T23:55:40.606] [INFO] default - search using userid
[2019-05-29T23:55:40.614] [INFO] default - getting note for userID :  hermione
[2019-06-02T14:37:26.580] [INFO] default - Server is running on port 3001
[2019-06-02T14:37:27.621] [INFO] default - Successfully connected to database: mongodb://localhost:27017/keep
[2019-06-03T19:17:51.864] [ERROR] default - Failed to connect to database.
[2019-06-03T19:17:51.865] [ERROR] default - { MongoNetworkError: failed to connect to server [localhost:27017] on first connect [MongoNetworkError: connect ECONNREFUSED 127.0.0.1:27017]
    at Pool.<anonymous> (/home/ubuntu/Desktop/keep_app_mean/keep_notes_mean/noteService/node_modules/mongodb-core/lib/topologies/server.js:564:11)
    at emitOne (events.js:116:13)
    at Pool.emit (events.js:211:7)
    at Connection.<anonymous> (/home/ubuntu/Desktop/keep_app_mean/keep_notes_mean/noteService/node_modules/mongodb-core/lib/connection/pool.js:317:12)
    at Object.onceWrapper (events.js:317:30)
    at emitTwo (events.js:126:13)
    at Connection.emit (events.js:214:7)
    at Socket.<anonymous> (/home/ubuntu/Desktop/keep_app_mean/keep_notes_mean/noteService/node_modules/mongodb-core/lib/connection/connection.js:246:50)
    at Object.onceWrapper (events.js:315:30)
    at emitOne (events.js:116:13)
    at Socket.emit (events.js:211:7)
    at emitErrorNT (internal/streams/destroy.js:64:8)
    at _combinedTickCallback (internal/process/next_tick.js:138:11)
    at process._tickCallback (internal/process/next_tick.js:180:9)
  name: 'MongoNetworkError',
  errorLabels: [ 'TransientTransactionError' ],
  [Symbol(mongoErrorContextSymbol)]: {} }
[2019-06-03T19:17:51.869] [ERROR] default - Failed to connect to database.
[2019-06-03T19:17:51.869] [ERROR] default - { MongoNetworkError: failed to connect to server [localhost:27017] on first connect [MongoNetworkError: connect ECONNREFUSED 127.0.0.1:27017]
    at Pool.<anonymous> (/home/ubuntu/Desktop/keep_app_mean/keep_notes_mean/noteService/node_modules/mongodb-core/lib/topologies/server.js:564:11)
    at emitOne (events.js:116:13)
    at Pool.emit (events.js:211:7)
    at Connection.<anonymous> (/home/ubuntu/Desktop/keep_app_mean/keep_notes_mean/noteService/node_modules/mongodb-core/lib/connection/pool.js:317:12)
    at Object.onceWrapper (events.js:317:30)
    at emitTwo (events.js:126:13)
    at Connection.emit (events.js:214:7)
    at Socket.<anonymous> (/home/ubuntu/Desktop/keep_app_mean/keep_notes_mean/noteService/node_modules/mongodb-core/lib/connection/connection.js:246:50)
    at Object.onceWrapper (events.js:315:30)
    at emitOne (events.js:116:13)
    at Socket.emit (events.js:211:7)
    at emitErrorNT (internal/streams/destroy.js:64:8)
    at _combinedTickCallback (internal/process/next_tick.js:138:11)
    at process._tickCallback (internal/process/next_tick.js:180:9)
  name: 'MongoNetworkError',
  errorLabels: [ 'TransientTransactionError' ],
  [Symbol(mongoErrorContextSymbol)]: {} }
[2019-06-03T19:21:19.612] [INFO] default - Successfully connected to database: mongodb://localhost:27017/keep
[2019-06-03T19:21:19.748] [INFO] default - body in auth svc {"isAuthenticated":true,"message":"User Authenticated"}
[2019-06-03T19:21:19.748] [INFO] default - authenticated
[2019-06-03T19:21:19.781] [INFO] default - body in auth svc {"isAuthenticated":true,"message":"User Authenticated"}
[2019-06-03T19:21:19.781] [INFO] default - authenticated
[2019-06-03T19:21:19.791] [INFO] default - body in auth svc {"isAuthenticated":true,"message":"User Authenticated"}
[2019-06-03T19:21:19.791] [INFO] default - authenticated
[2019-06-03T19:21:19.791] [INFO] default - search using userid
[2019-06-03T19:21:19.792] [INFO] default - getting note for userID :  user-id-1
[2019-06-03T19:21:19.812] [INFO] default - body in auth svc {"isAuthenticated":true,"message":"User Authenticated"}
[2019-06-03T19:21:19.812] [INFO] default - authenticated
[2019-06-03T19:21:19.813] [INFO] default - search using userid
[2019-06-03T19:21:19.813] [INFO] default - getting note for userID :  user-id-2
[2019-06-03T19:21:19.825] [INFO] default - body in auth svc {"isAuthenticated":true,"message":"User Authenticated"}
[2019-06-03T19:21:19.825] [INFO] default - authenticated
[2019-06-03T19:21:19.845] [INFO] default - body in auth svc {"isAuthenticated":true,"message":"User Authenticated"}
[2019-06-03T19:21:19.846] [INFO] default - authenticated
[2019-06-03T19:21:19.869] [INFO] default - body in auth svc {"isAuthenticated":true,"message":"User Authenticated"}
[2019-06-03T19:21:19.869] [INFO] default - authenticated
[2019-06-03T19:21:19.869] [INFO] default - inside share
[2019-06-03T19:21:19.869] [INFO] default - noteID[] :  [ 'aa6ac300-8606-11e9-aeab-cb36a2ab86ab' ]
[2019-06-03T19:21:19.870] [INFO] default - userIds[] :  [ { userID: 'user-id-1', access: 'view' } ]
[2019-06-03T19:21:19.873] [INFO] default - data : { n: 1, nModified: 1, ok: 1 }
[2019-06-03T19:21:19.881] [INFO] default - body in auth svc {"isAuthenticated":true,"message":"User Authenticated"}
[2019-06-03T19:21:19.881] [INFO] default - authenticated
[2019-06-03T19:21:19.882] [INFO] default - adding notes to group: group1
[2019-06-03T19:21:19.902] [INFO] default - body in auth svc {"isAuthenticated":true,"message":"User Authenticated"}
[2019-06-03T19:21:19.903] [INFO] default - authenticated
[2019-06-03T19:21:19.903] [INFO] default - note id to delete [ 'aa6fa500-8606-11e9-aeab-cb36a2ab86ab' ]
[2019-06-03T19:21:19.908] [DEBUG] default - notes deleted
[2019-06-03T19:21:19.917] [INFO] default - body in auth svc {"isAuthenticated":true,"message":"User Authenticated"}
[2019-06-03T19:21:19.917] [INFO] default - authenticated
[2019-06-03T19:21:19.922] [INFO] default - data : { n: 1, nModified: 1, ok: 1 }
[2019-06-03T19:21:19.934] [INFO] default - body in auth svc {"isAuthenticated":true,"message":"User Authenticated"}
[2019-06-03T19:21:19.935] [INFO] default - authenticated
[2019-06-03T19:21:19.936] [INFO] default - data : { n: 1, nModified: 1, ok: 1 }
[2019-06-03T19:32:56.791] [INFO] default - Successfully connected to database: mongodb://localhost:27017/keep
[2019-06-03T19:32:56.887] [INFO] default - body in auth svc {"isAuthenticated":true,"message":"User Authenticated"}
[2019-06-03T19:32:56.889] [INFO] default - authenticated
[2019-06-03T19:32:56.921] [INFO] default - body in auth svc {"isAuthenticated":true,"message":"User Authenticated"}
[2019-06-03T19:32:56.921] [INFO] default - authenticated
[2019-06-03T19:32:56.931] [INFO] default - body in auth svc {"isAuthenticated":true,"message":"User Authenticated"}
[2019-06-03T19:32:56.932] [INFO] default - authenticated
[2019-06-03T19:32:56.932] [INFO] default - search using userid
[2019-06-03T19:32:56.932] [INFO] default - getting note for userID :  user-id-1
[2019-06-03T19:32:56.951] [INFO] default - body in auth svc {"isAuthenticated":true,"message":"User Authenticated"}
[2019-06-03T19:32:56.951] [INFO] default - authenticated
[2019-06-03T19:32:56.951] [INFO] default - search using userid
[2019-06-03T19:32:56.952] [INFO] default - getting note for userID :  user-id-2
[2019-06-03T19:32:56.962] [INFO] default - body in auth svc {"isAuthenticated":true,"message":"User Authenticated"}
[2019-06-03T19:32:56.962] [INFO] default - authenticated
[2019-06-03T19:32:56.975] [INFO] default - body in auth svc {"isAuthenticated":true,"message":"User Authenticated"}
[2019-06-03T19:32:56.975] [INFO] default - authenticated
[2019-06-03T19:32:56.992] [INFO] default - body in auth svc {"isAuthenticated":true,"message":"User Authenticated"}
[2019-06-03T19:32:56.992] [INFO] default - authenticated
[2019-06-03T19:32:56.993] [INFO] default - inside share
[2019-06-03T19:32:56.993] [INFO] default - noteID[] :  [ '49f00d80-8608-11e9-846a-7565f8c8900f' ]
[2019-06-03T19:32:56.994] [INFO] default - userIds[] :  [ { userID: 'user-id-1', access: 'view' } ]
[2019-06-03T19:32:57.007] [INFO] default - data : { n: 1, nModified: 1, ok: 1 }
[2019-06-03T19:32:57.015] [INFO] default - body in auth svc {"isAuthenticated":true,"message":"User Authenticated"}
[2019-06-03T19:32:57.015] [INFO] default - authenticated
[2019-06-03T19:32:57.016] [INFO] default - adding notes to group: group1
[2019-06-03T19:32:57.024] [INFO] default - body in auth svc {"isAuthenticated":true,"message":"User Authenticated"}
[2019-06-03T19:32:57.025] [INFO] default - authenticated
[2019-06-03T19:32:57.025] [INFO] default - note id to delete [ '49f564b0-8608-11e9-846a-7565f8c8900f' ]
[2019-06-03T19:32:57.030] [DEBUG] default - notes deleted
[2019-06-03T19:32:57.037] [INFO] default - body in auth svc {"isAuthenticated":true,"message":"User Authenticated"}
[2019-06-03T19:32:57.037] [INFO] default - authenticated
[2019-06-03T19:32:57.041] [INFO] default - data : { n: 1, nModified: 1, ok: 1 }
[2019-06-03T19:32:57.050] [INFO] default - body in auth svc {"isAuthenticated":true,"message":"User Authenticated"}
[2019-06-03T19:32:57.050] [INFO] default - authenticated
[2019-06-03T19:32:57.052] [INFO] default - data : { n: 1, nModified: 1, ok: 1 }
